<?xml version="1.0" encoding="UTF-8"?>
<!-- Generated by org.testng.reporters.JUnitReportReporter -->
<testsuite skipped="0" hostname="FUBEUSBNU2" name="com.magnitude.scripts.Login" tests="1" failures="0" timestamp="08 Aug 2019 05:54:54 GMT" time="0.698" errors="0">
  <testcase name="LoginApplication" time="0.698" classname="com.magnitude.scripts.Login"/>
</testsuite> <!-- com.magnitude.scripts.Login -->
