<?xml version="1.0" encoding="UTF-8"?>
<!-- Generated by org.testng.reporters.JUnitReportReporter -->
<testsuite skipped="0" hostname="FUBEUSBNU2" name="com.magnitude.utils.CaptureScreenshot" tests="1" failures="0" timestamp="06 Aug 2019 06:46:18 GMT" time="0.000" errors="1">
  <testcase name="Setup" time="0.000" classname="com.magnitude.utils.CaptureScreenshot">
    <error type="org.testng.TestNGException" message="
Parameter &#039;baseUrl&#039; is required by BeforeSuite on method Setup but has not been marked @Optional or defined
in C:\Users\Sunny\AppData\Local\Temp\testng-eclipse-810454622\testng-customsuite.xml">
      <![CDATA[org.testng.TestNGException: 
Parameter 'baseUrl' is required by BeforeSuite on method Setup but has not been marked @Optional or defined
in C:\Users\Sunny\AppData\Local\Temp\testng-eclipse-810454622\testng-customsuite.xml
at org.testng.internal.Parameters.createParams(Parameters.java:290)
at org.testng.internal.Parameters.createParametersForMethod(Parameters.java:359)
at org.testng.internal.Parameters.createParameters(Parameters.java:620)
at org.testng.internal.Parameters.createConfigurationParameters(Parameters.java:190)
at org.testng.internal.Invoker.invokeConfigurations(Invoker.java:209)
at org.testng.internal.Invoker.invokeConfigurations(Invoker.java:142)
at org.testng.SuiteRunner.privateRun(SuiteRunner.java:401)
at org.testng.SuiteRunner.run(SuiteRunner.java:364)
at org.testng.SuiteRunnerWorker.runSuite(SuiteRunnerWorker.java:52)
at org.testng.SuiteRunnerWorker.run(SuiteRunnerWorker.java:84)
at org.testng.TestNG.runSuitesSequentially(TestNG.java:1208)
at org.testng.TestNG.runSuitesLocally(TestNG.java:1137)
at org.testng.TestNG.runSuites(TestNG.java:1049)
at org.testng.TestNG.run(TestNG.java:1017)
at org.testng.remote.AbstractRemoteTestNG.run(AbstractRemoteTestNG.java:114)
at org.testng.remote.RemoteTestNG.initAndRun(RemoteTestNG.java:251)
at org.testng.remote.RemoteTestNG.main(RemoteTestNG.java:77)
]]>
    </error>
  </testcase> <!-- Setup -->
</testsuite> <!-- com.magnitude.utils.CaptureScreenshot -->
